<?xml version="1.0" encoding="UTF-8"?>
<testng-results skipped="0" failed="0" total="1" passed="1">
  <reporter-output>
  </reporter-output>
  <suite name="Default suite" duration-ms="8831" started-at="2017-07-11T03:01:49Z" finished-at="2017-07-11T03:01:57Z">
    <groups>
    </groups>
    <test name="Default test" duration-ms="8831" started-at="2017-07-11T03:01:49Z" finished-at="2017-07-11T03:01:57Z">
      <class name="com.ranford.master.Exepom">
        <test-method status="PASS" signature="login()[pri:0, instance:com.ranford.master.Exepom@2ccddcf6]" name="login" duration-ms="8807" started-at="2017-07-11T08:31:49Z" finished-at="2017-07-11T08:31:57Z">
          <reporter-output>
          </reporter-output>
        </test-method> <!-- login -->
      </class> <!-- com.ranford.master.Exepom -->
    </test> <!-- Default test -->
  </suite> <!-- Default suite -->
</testng-results>
